GROUP,PACKAGE,CLASS,INSTRUCTION_MISSED,INSTRUCTION_COVERED,BRANCH_MISSED,BRANCH_COVERED,LINE_MISSED,LINE_COVERED,COMPLEXITY_MISSED,COMPLEXITY_COVERED,METHOD_MISSED,METHOD_COVERED
Calendar,calendar,CalendarMain,357,0,4,0,76,0,4,0,2,0
Calendar,calendar,DateOutOfRangeException,3,4,0,0,2,2,1,1,1,1
Calendar,calendar,XmlParserErrorHandler,34,45,1,1,5,9,3,3,2,3
Calendar,calendar,CalDay,248,108,19,9,43,32,19,11,8,8
Calendar,calendar,Appt,115,254,19,25,16,83,15,43,4,32
Calendar,calendar,CalendarUtil,5,86,1,9,2,11,2,7,1,3
Calendar,calendar,DataHandler,214,771,32,48,43,198,26,31,0,16
